<?xml version="1.0" encoding="UTF-8"?>
<testng-results skipped="0" failed="0" ignored="0" total="1" passed="1">
  <reporter-output>
  </reporter-output>
  <suite name="Default suite" duration-ms="1971" started-at="2019-03-13T21:07:58Z" finished-at="2019-03-13T21:08:00Z">
    <groups>
    </groups>
    <test name="Default test" duration-ms="1971" started-at="2019-03-13T21:07:58Z" finished-at="2019-03-13T21:08:00Z">
      <class name="com.qa.rest.tests.GetCallBDD">
        <test-method status="PASS" signature="test_numberOfCircuitsFor2017_Season()[pri:0, instance:com.qa.rest.tests.GetCallBDD@39aeed2f]" name="test_numberOfCircuitsFor2017_Season" duration-ms="1951" started-at="2019-03-13T21:07:58Z" finished-at="2019-03-13T21:08:00Z">
          <reporter-output>
          </reporter-output>
        </test-method> <!-- test_numberOfCircuitsFor2017_Season -->
      </class> <!-- com.qa.rest.tests.GetCallBDD -->
    </test> <!-- Default test -->
  </suite> <!-- Default suite -->
</testng-results>
